<?xml version="1.0" encoding="UTF-8"?>
<!-- Generated by org.testng.reporters.JUnitReportReporter -->
<testsuite skipped="0" hostname="DESKTOP-CN3CBMR" name="testngpack.TestNgexampl1" tests="3" failures="0" timestamp="21 Jun 2021 03:40:17 GMT" time="0.012" errors="0">
  <testcase name="login" time="0.006" classname="testngpack.TestNgexampl1"/>
  <testcase name="compemail" time="0.004" classname="testngpack.TestNgexampl1"/>
  <testcase name="delemail" time="0.002" classname="testngpack.TestNgexampl1"/>
</testsuite> <!-- testngpack.TestNgexampl1 -->
