<?xml version="1.0" encoding="UTF-8"?>
<!-- Generated by org.testng.reporters.JUnitReportReporter -->
<testsuite skipped="0" hostname="DESKTOP-CN3CBMR" name="testngpack.Parmtr" tests="1" failures="0" timestamp="31 Jul 2021 04:02:25 GMT" time="0.014" errors="0">
  <testcase name="pr" time="0.014" classname="testngpack.Parmtr"/>
</testsuite> <!-- testngpack.Parmtr -->
