<?xml version="1.0" encoding="UTF-8"?>
<!-- Generated by org.testng.reporters.JUnitReportReporter -->
<testsuite skipped="0" hostname="DESKTOP-CN3CBMR" name="testngpack.Dep" tests="2" failures="0" timestamp="31 Jul 2021 04:05:53 GMT" time="0.024" errors="0">
  <testcase name="test1" time="0.002" classname="testngpack.Dep"/>
  <testcase name="test2" time="0.022" classname="testngpack.Dep"/>
</testsuite> <!-- testngpack.Dep -->
