<?xml version="1.0" encoding="UTF-8"?>
<!-- Generated by org.testng.reporters.JUnitReportReporter -->
<testsuite skipped="0" hostname="DESKTOP-CN3CBMR" name="testngpack.Assetexampl2" tests="1" failures="0" timestamp="21 Jun 2021 03:40:17 GMT" time="17.622" errors="0">
  <testcase name="spc" time="17.622" classname="testngpack.Assetexampl2"/>
</testsuite> <!-- testngpack.Assetexampl2 -->
