<?xml version="1.0" encoding="UTF-8"?>
<!-- Generated by org.testng.reporters.JUnitReportReporter -->
<testsuite skipped="0" hostname="DESKTOP-CN3CBMR" name="testngpack.Prltest1" tests="2" failures="0" timestamp="21 Jun 2021 03:55:54 GMT" time="42.859" errors="0">
  <testcase name="amzon" time="21.411" classname="testngpack.Prltest1"/>
  <testcase name="facbook" time="21.448" classname="testngpack.Prltest1"/>
</testsuite> <!-- testngpack.Prltest1 -->
