<?xml version="1.0" encoding="UTF-8"?>
<!-- Generated by org.testng.reporters.JUnitReportReporter -->
<testsuite skipped="0" hostname="DESKTOP-CN3CBMR" name="testngpack.TestNgexampl2" tests="2" failures="0" timestamp="21 Jun 2021 03:40:17 GMT" time="42.628" errors="0">
  <testcase name="amzon" time="23.327" classname="testngpack.TestNgexampl2"/>
  <testcase name="facebok" time="19.301" classname="testngpack.TestNgexampl2"/>
</testsuite> <!-- testngpack.TestNgexampl2 -->
